<?xml version="1.0" encoding="UTF-8"?>
<!-- Generated by org.testng.reporters.JUnitReportReporter -->
<testsuite hostname="BSTNQA7420001" failures="0" tests="4" name="BR.Tests.SubmitOrderTest" time="39.850" errors="0" timestamp="2023-07-21T10:36:36 CDT" skipped="0">
  <testcase classname="BR.Tests.SubmitOrderTest" name="submitOrder" time="11.157"/>
  <testcase classname="BR.Tests.SubmitOrderTest" name="submitOrder" time="11.498"/>
  <testcase classname="BR.Tests.SubmitOrderTest" name="orderHistory" time="10.681"/>
  <testcase classname="BR.Tests.SubmitOrderTest" name="orderHistory" time="6.514"/>
</testsuite> <!-- BR.Tests.SubmitOrderTest -->
